<?xml version="1.0" encoding="UTF-8"?>
<testng-results skipped="0" failed="0" ignored="0" total="1" passed="1">
  <reporter-output>
  </reporter-output>
  <suite name="Default suite" duration-ms="11567" started-at="2020-08-31T04:32:28Z" finished-at="2020-08-31T04:32:39Z">
    <groups>
    </groups>
    <test name="Default test" duration-ms="11567" started-at="2020-08-31T04:32:28Z" finished-at="2020-08-31T04:32:39Z">
      <class name="com.Reqres.Test.ListOfUser">
        <test-method status="PASS" signature="getAllUser()[pri:0, instance:com.Reqres.Test.ListOfUser@4c70fda8]" name="getAllUser" duration-ms="11480" started-at="2020-08-31T04:32:28Z" finished-at="2020-08-31T04:32:39Z">
          <reporter-output>
          </reporter-output>
        </test-method> <!-- getAllUser -->
      </class> <!-- com.Reqres.Test.ListOfUser -->
    </test> <!-- Default test -->
  </suite> <!-- Default suite -->
</testng-results>
